di 10 dec 2024 21:38:52 CET

di 10 dec 2024 21:45:32 CET

wo 11 dec 2024 07:36:22 CET

wo 18 dec 2024 07:30:00 CET
Deleted Lightroom backup and its contents: /Users/mark/Pictures/Backups/2024-10-12 1529

wo 25 dec 2024 07:30:00 CET
Deleted Lightroom backup and its contents: /Users/mark/Pictures/Backups/2024-10-20 2113

wo  1 jan 2025 07:30:00 CET
Deleted Lightroom backup and its contents: /Users/mark/Pictures/Backups/2024-10-28 1949

wo  8 jan 2025 07:30:00 CET
Deleted Lightroom backup and its contents: /Users/mark/Pictures/Backups/2024-11-06 2137

wo 15 jan 2025 07:30:00 CET

wo 22 jan 2025 07:30:00 CET
Deleted Lightroom backup and its contents: /Users/mark/Pictures/Backups/2024-11-21 1621

wo 29 jan 2025 07:30:00 CET

wo  5 feb 2025 07:30:00 CET
Deleted Lightroom backup and its contents: /Users/mark/Pictures/Backups/2024-11-30 1531

wo 12 feb 2025 07:30:00 CET
Deleted Lightroom backup and its contents: /Users/mark/Pictures/Backups/2024-12-07 2041

wo 19 feb 2025 07:30:00 CET
Deleted Lightroom backup and its contents: /Users/mark/Pictures/Backups/2024-12-20 2122

wo 26 feb 2025 07:30:00 CET

wo  5 mrt 2025 07:30:00 CET
Deleted Lightroom backup and its contents: /Users/mark/Pictures/Backups/2024-12-30 0825

wo 12 mrt 2025 07:30:00 CET
Deleted Lightroom backup and its contents: /Users/mark/Pictures/Backups/2025-01-10 1756

wo 19 mrt 2025 07:30:00 CET

wo 26 mrt 2025 07:30:00 CET
Deleted Lightroom backup and its contents: /Users/mark/Pictures/Backups/2025-01-19 1303

wo  2 apr 2025 07:30:00 CEST

wo  9 apr. 2025 07:30:00 CEST

wo 16 apr. 2025 07:30:00 CEST
Deleted Lightroom backup and its contents: /Users/mark/Pictures/Backups/2025-02-08 1708

wo 23 apr. 2025 07:30:00 CEST
Deleted Lightroom backup and its contents: /Users/mark/Pictures/Backups/2025-02-15 2222

wo 30 apr. 2025 07:30:00 CEST
Deleted Lightroom backup and its contents: /Users/mark/Pictures/Backups/2025-02-25 0742

wo  7 mei 2025 07:30:00 CEST
Deleted Lightroom backup and its contents: /Users/mark/Pictures/Backups/2025-03-07 2049

wo 14 mei 2025 07:30:00 CEST

wo 21 mei 2025 07:30:00 CEST
Deleted Lightroom backup and its contents: /Users/mark/Pictures/Backups/2025-03-16 0116

wo 28 mei 2025 07:30:00 CEST
Deleted Lightroom backup and its contents: /Users/mark/Pictures/Backups/2025-03-23 1655

wo  4 jun. 2025 07:30:00 CEST

wo 11 jun. 2025 07:30:00 CEST

wo 18 jun. 2025 07:30:00 CEST
Deleted Lightroom backup and its contents: /Users/mark/Pictures/Backups/2025-04-14 1355

wo 25 jun. 2025 07:30:00 CEST
Deleted Lightroom backup and its contents: /Users/mark/Pictures/Backups/2025-04-23 2207

wo  2 jul. 2025 07:30:00 CEST
Deleted Lightroom backup and its contents: /Users/mark/Pictures/Backups/2025-05-01 0044

wo  9 jul. 2025 07:30:00 CEST

wo 16 jul. 2025 07:30:00 CEST
Deleted Lightroom backup and its contents: /Users/mark/Pictures/Backups/2025-05-11 0003

wo 23 jul. 2025 07:30:49 CEST
Deleted Lightroom backup and its contents: /Users/mark/Pictures/Backups/2025-05-22 1838

wo 30 jul. 2025 07:40:08 CEST

wo  6 aug. 2025 07:32:29 CEST
Deleted Lightroom backup and its contents: /Users/mark/Pictures/Backups/2025-06-04 0848

wo 13 aug. 2025 07:30:00 CEST
Deleted Lightroom backup and its contents: /Users/mark/Pictures/Backups/2025-06-12 2158

wo 20 aug. 2025 07:30:00 CEST
Deleted Lightroom backup and its contents: /Users/mark/Pictures/Backups/2025-06-20 1817

wo 27 aug. 2025 07:30:00 CEST

wo  3 sep. 2025 07:30:00 CEST
Deleted Lightroom backup and its contents: /Users/mark/Pictures/Backups/2025-06-29 2207

wo 10 sep. 2025 07:30:00 CEST
Deleted Lightroom backup and its contents: /Users/mark/Pictures/Backups/2025-07-09 1059

wo 17 sep. 2025 07:30:00 CEST

wo 24 sep. 2025 07:30:00 CEST

wo  1 okt. 2025 07:30:00 CEST

wo  8 okt. 2025 07:30:00 CEST
Deleted Lightroom backup and its contents: /Users/mark/Pictures/Backups/2025-08-07 2306

wo 15 okt. 2025 07:30:00 CEST

wo 22 okt. 2025 07:30:00 CEST
Deleted Lightroom backup and its contents: /Users/mark/Pictures/Backups/2025-08-17 1745

wo 29 okt. 2025 07:30:00 CET
Deleted Lightroom backup and its contents: /Users/mark/Pictures/Backups/2025-08-27 2211

wo  5 nov. 2025 07:30:00 CET

wo 12 nov. 2025 07:30:00 CET
Deleted Lightroom backup and its contents: /Users/mark/Pictures/Backups/2025-09-10 2134

wo 19 nov. 2025 07:30:00 CET

wo 26 nov. 2025 07:30:00 CET
Deleted Lightroom backup and its contents: /Users/mark/Pictures/Backups/2025-09-24 2340

wo  3 dec. 2025 07:30:00 CET

wo 10 dec. 2025 07:30:00 CET
Deleted Lightroom backup and its contents: /Users/mark/Pictures/Backups/2025-10-05 2023

wo 17 dec. 2025 07:35:03 CET
Deleted Lightroom backup and its contents: /Users/mark/Pictures/Backups/2025-10-15 2011

wo 24 dec. 2025 07:30:00 CET

wo 31 dec. 2025 07:30:00 CET
Deleted Lightroom backup and its contents: /Users/mark/Pictures/Backups/2025-10-28 1817

wo  7 jan. 2026 07:30:00 CET

wo 14 jan. 2026 07:30:00 CET
Deleted Lightroom backup and its contents: /Users/mark/Pictures/Backups/2025-11-08 2315

wo 21 jan. 2026 07:30:00 CET
Deleted Lightroom backup and its contents: /Users/mark/Pictures/Backups/2025-11-21 1523

